<?xml version="1.0" encoding="UTF-8"?>
<!-- Generated by org.testng.reporters.JUnitXMLReporter -->
<testsuite hostname="JKASHYAPSSL" name="Test_ReserveAndPayment_Verification_FromDatabase" tests="10" failures="2" timestamp="14 Dec 2017 11:54:45 GMT" time="3335.682" errors="0">
  <testcase name="Test_ReserveAndPayment_Verification_FromDatabase" time="323.822" classname="Com.Testcases.Claim_Reserve_PaymentVerfication_fromDatabase"/>
  <testcase name="Test_ReserveAndPayment_Verification_FromDatabase" time="227.501" classname="Com.Testcases.Claim_Reserve_PaymentVerfication_fromDatabase"/>
  <testcase name="Test_ReserveAndPayment_Verification_FromDatabase" time="230.663" classname="Com.Testcases.Claim_Reserve_PaymentVerfication_fromDatabase"/>
  <testcase name="Test_ReserveAndPayment_Verification_FromDatabase" time="1017.88" classname="Com.Testcases.Claim_Reserve_PaymentVerfication_fromDatabase"/>
  <testcase name="Test_ReserveAndPayment_Verification_FromDatabase" time="324.543" classname="Com.Testcases.Claim_Reserve_PaymentVerfication_fromDatabase"/>
  <testcase name="Test_ReserveAndPayment_Verification_FromDatabase" time="116.166" classname="Com.Testcases.Claim_Reserve_PaymentVerfication_fromDatabase">
    <failure type="java.lang.AssertionError" message="expected [5,000.00] but found [50.00]">
      <![CDATA[java.lang.AssertionError: expected [5,000.00] but found [50.00]
	at Com.Testcases.Claim_Reserve_PaymentVerfication_fromDatabase.Test_ReserveAndPayment_Verification_FromDatabase(Claim_Reserve_PaymentVerfication_fromDatabase.java:196)
... Removed 29 stack frames]]>
    </failure>
  </testcase> <!-- Test_ReserveAndPayment_Verification_FromDatabase -->
  <testcase name="Test_ReserveAndPayment_Verification_FromDatabase" time="330.869" classname="Com.Testcases.Claim_Reserve_PaymentVerfication_fromDatabase"/>
  <testcase name="Test_ReserveAndPayment_Verification_FromDatabase" time="116.443" classname="Com.Testcases.Claim_Reserve_PaymentVerfication_fromDatabase">
    <failure type="java.lang.AssertionError" message="expected [500.00] but found [50.00]">
      <![CDATA[java.lang.AssertionError: expected [500.00] but found [50.00]
	at Com.Testcases.Claim_Reserve_PaymentVerfication_fromDatabase.Test_ReserveAndPayment_Verification_FromDatabase(Claim_Reserve_PaymentVerfication_fromDatabase.java:196)
... Removed 29 stack frames]]>
    </failure>
  </testcase> <!-- Test_ReserveAndPayment_Verification_FromDatabase -->
  <testcase name="Test_ReserveAndPayment_Verification_FromDatabase" time="228.049" classname="Com.Testcases.Claim_Reserve_PaymentVerfication_fromDatabase"/>
  <testcase name="Test_ReserveAndPayment_Verification_FromDatabase" time="330.177" classname="Com.Testcases.Claim_Reserve_PaymentVerfication_fromDatabase"/>
</testsuite> <!-- Test_ReserveAndPayment_Verification_FromDatabase -->
