<?xml version="1.0" encoding="UTF-8"?>
<!-- Generated by org.testng.reporters.JUnitXMLReporter -->
<testsuite hostname="JKASHYAPSSL" name="Test_ClaimPayment" tests="10" failures="3" timestamp="14 Dec 2017 10:59:09 GMT" time="2388.804" errors="0">
  <testcase name="Test_ClaimPayment" time="327.129" classname="Com.Testcases.Claim_Reserve_PaymentVerfication_fromExcel"/>
  <testcase name="Test_ClaimPayment" time="234.924" classname="Com.Testcases.Claim_Reserve_PaymentVerfication_fromExcel"/>
  <testcase name="Test_ClaimPayment" time="234.679" classname="Com.Testcases.Claim_Reserve_PaymentVerfication_fromExcel"/>
  <testcase name="Test_ClaimPayment" time="338.762" classname="Com.Testcases.Claim_Reserve_PaymentVerfication_fromExcel"/>
  <testcase name="Test_ClaimPayment" time="116.919" classname="Com.Testcases.Claim_Reserve_PaymentVerfication_fromExcel">
    <failure type="java.lang.AssertionError" message="expected [500.00] but found [50.00]">
      <![CDATA[java.lang.AssertionError: expected [500.00] but found [50.00]
	at Com.Testcases.Claim_Reserve_PaymentVerfication_fromExcel.Test_ClaimPayment(Claim_Reserve_PaymentVerfication_fromExcel.java:180)
... Removed 29 stack frames]]>
    </failure>
  </testcase> <!-- Test_ClaimPayment -->
  <testcase name="Test_ClaimPayment" time="236.363" classname="Com.Testcases.Claim_Reserve_PaymentVerfication_fromExcel"/>
  <testcase name="Test_ClaimPayment" time="120.068" classname="Com.Testcases.Claim_Reserve_PaymentVerfication_fromExcel">
    <failure type="java.lang.AssertionError" message="expected [5,000.00] but found [500.00]">
      <![CDATA[java.lang.AssertionError: expected [5,000.00] but found [500.00]
	at Com.Testcases.Claim_Reserve_PaymentVerfication_fromExcel.Test_ClaimPayment(Claim_Reserve_PaymentVerfication_fromExcel.java:180)
... Removed 29 stack frames]]>
    </failure>
  </testcase> <!-- Test_ClaimPayment -->
  <testcase name="Test_ClaimPayment" time="116.572" classname="Com.Testcases.Claim_Reserve_PaymentVerfication_fromExcel">
    <failure type="java.lang.AssertionError" message="expected [500.00] but found [50.00]">
      <![CDATA[java.lang.AssertionError: expected [500.00] but found [50.00]
	at Com.Testcases.Claim_Reserve_PaymentVerfication_fromExcel.Test_ClaimPayment(Claim_Reserve_PaymentVerfication_fromExcel.java:180)
... Removed 29 stack frames]]>
    </failure>
  </testcase> <!-- Test_ClaimPayment -->
  <testcase name="Test_ClaimPayment" time="235.36" classname="Com.Testcases.Claim_Reserve_PaymentVerfication_fromExcel"/>
  <testcase name="Test_ClaimPayment" time="338.197" classname="Com.Testcases.Claim_Reserve_PaymentVerfication_fromExcel"/>
</testsuite> <!-- Test_ClaimPayment -->
